{"/Users/daylilyfield/Workspaces/svrollbar/src/Svrollbar.svelte": {"path":"/Users/daylilyfield/Workspaces/svrollbar/src/Svrollbar.svelte","statementMap":{"0":{"start":{"line":2,"column":15},"end":{"line":2,"column":null}},"1":{"start":{"line":3,"column":43},"end":{"line":3,"column":null}},"2":{"start":{"line":214,"column":22},"end":{"line":214,"column":null}},"3":{"start":{"line":220,"column":22},"end":{"line":220,"column":44}},"4":{"start":{"line":220,"column":44},"end":{"line":220,"column":null}},"5":{"start":{"line":210,"column":43},"end":{"line":210,"column":null}},"6":{"start":{"line":209,"column":5},"end":{"line":209,"column":null}},"7":{"start":{"line":8,"column":21},"end":{"line":8,"column":null}},"8":{"start":{"line":13,"column":21},"end":{"line":13,"column":null}},"9":{"start":{"line":18,"column":29},"end":{"line":18,"column":null}},"10":{"start":{"line":23,"column":34},"end":{"line":23,"column":null}},"11":{"start":{"line":28,"column":60},"end":{"line":28,"column":null}},"12":{"start":{"line":28,"column":34},"end":{"line":28,"column":null}},"13":{"start":{"line":32,"column":61},"end":{"line":32,"column":null}},"14":{"start":{"line":32,"column":35},"end":{"line":32,"column":null}},"15":{"start":{"line":37,"column":60},"end":{"line":37,"column":null}},"16":{"start":{"line":37,"column":34},"end":{"line":37,"column":null}},"17":{"start":{"line":41,"column":61},"end":{"line":41,"column":null}},"18":{"start":{"line":41,"column":35},"end":{"line":41,"column":null}},"19":{"start":{"line":47,"column":19},"end":{"line":47,"column":null}},"20":{"start":{"line":52,"column":17},"end":{"line":52,"column":18}},"21":{"start":{"line":53,"column":15},"end":{"line":53,"column":16}},"22":{"start":{"line":54,"column":14},"end":{"line":54,"column":15}},"23":{"start":{"line":55,"column":16},"end":{"line":55,"column":29}},"24":{"start":{"line":69,"column":9},"end":{"line":69,"column":null}},"25":{"start":{"line":69,"column":17},"end":{"line":69,"column":null}},"26":{"start":{"line":71,"column":4},"end":{"line":71,"column":null}},"27":{"start":{"line":73,"column":4},"end":{"line":73,"column":null}},"28":{"start":{"line":76,"column":6},"end":{"line":76,"column":null}},"29":{"start":{"line":81,"column":9},"end":{"line":81,"column":null}},"30":{"start":{"line":81,"column":14},"end":{"line":81,"column":null}},"31":{"start":{"line":83,"column":4},"end":{"line":83,"column":null}},"32":{"start":{"line":85,"column":4},"end":{"line":85,"column":null}},"33":{"start":{"line":86,"column":4},"end":{"line":86,"column":null}},"34":{"start":{"line":88,"column":6},"end":{"line":88,"column":null}},"35":{"start":{"line":89,"column":6},"end":{"line":89,"column":null}},"36":{"start":{"line":94,"column":9},"end":{"line":94,"column":null}},"37":{"start":{"line":94,"column":14},"end":{"line":94,"column":null}},"38":{"start":{"line":96,"column":4},"end":{"line":96,"column":null}},"39":{"start":{"line":98,"column":4},"end":{"line":98,"column":null}},"40":{"start":{"line":99,"column":4},"end":{"line":99,"column":null}},"41":{"start":{"line":102,"column":6},"end":{"line":102,"column":null}},"42":{"start":{"line":103,"column":6},"end":{"line":103,"column":null}},"43":{"start":{"line":108,"column":9},"end":{"line":108,"column":null}},"44":{"start":{"line":108,"column":17},"end":{"line":108,"column":null}},"45":{"start":{"line":110,"column":4},"end":{"line":110,"column":null}},"46":{"start":{"line":113,"column":16},"end":{"line":113,"column":null}},"47":{"start":{"line":118,"column":8},"end":{"line":118,"column":null}},"48":{"start":{"line":122,"column":4},"end":{"line":122,"column":null}},"49":{"start":{"line":125,"column":6},"end":{"line":125,"column":null}},"50":{"start":{"line":126,"column":6},"end":{"line":126,"column":null}},"51":{"start":{"line":132,"column":6},"end":{"line":132,"column":null}},"52":{"start":{"line":133,"column":6},"end":{"line":133,"column":null}},"53":{"start":{"line":139,"column":6},"end":{"line":139,"column":null}},"54":{"start":{"line":140,"column":6},"end":{"line":140,"column":null}},"55":{"start":{"line":145,"column":4},"end":{"line":145,"column":null}},"56":{"start":{"line":146,"column":4},"end":{"line":146,"column":null}},"57":{"start":{"line":147,"column":4},"end":{"line":147,"column":null}},"58":{"start":{"line":148,"column":4},"end":{"line":148,"column":null}},"59":{"start":{"line":149,"column":4},"end":{"line":149,"column":null}},"60":{"start":{"line":151,"column":4},"end":{"line":151,"column":null}},"61":{"start":{"line":155,"column":4},"end":{"line":155,"column":null}},"62":{"start":{"line":159,"column":4},"end":{"line":159,"column":null}},"63":{"start":{"line":160,"column":4},"end":{"line":160,"column":null}},"64":{"start":{"line":164,"column":4},"end":{"line":164,"column":null}},"65":{"start":{"line":165,"column":4},"end":{"line":165,"column":null}},"66":{"start":{"line":167,"column":4},"end":{"line":167,"column":null}},"67":{"start":{"line":168,"column":4},"end":{"line":168,"column":null}},"68":{"start":{"line":170,"column":4},"end":{"line":170,"column":null}},"69":{"start":{"line":171,"column":4},"end":{"line":171,"column":null}},"70":{"start":{"line":172,"column":4},"end":{"line":172,"column":null}},"71":{"start":{"line":173,"column":4},"end":{"line":173,"column":null}},"72":{"start":{"line":177,"column":4},"end":{"line":177,"column":null}},"73":{"start":{"line":178,"column":4},"end":{"line":178,"column":null}},"74":{"start":{"line":180,"column":20},"end":{"line":180,"column":90}},"75":{"start":{"line":181,"column":18},"end":{"line":181,"column":43}},"76":{"start":{"line":183,"column":4},"end":{"line":183,"column":null}},"77":{"start":{"line":187,"column":4},"end":{"line":187,"column":null}},"78":{"start":{"line":188,"column":4},"end":{"line":188,"column":null}},"79":{"start":{"line":190,"column":4},"end":{"line":190,"column":null}},"80":{"start":{"line":191,"column":4},"end":{"line":191,"column":null}},"81":{"start":{"line":193,"column":4},"end":{"line":193,"column":null}},"82":{"start":{"line":194,"column":4},"end":{"line":194,"column":null}},"83":{"start":{"line":195,"column":4},"end":{"line":195,"column":null}},"84":{"start":{"line":196,"column":4},"end":{"line":196,"column":null}},"85":{"start":{"line":200,"column":4},"end":{"line":200,"column":null}},"86":{"start":{"line":201,"column":4},"end":{"line":201,"column":null}},"87":{"start":{"line":202,"column":4},"end":{"line":202,"column":null}},"88":{"start":{"line":203,"column":4},"end":{"line":203,"column":null}},"89":{"start":{"line":212,"column":17},"end":{"line":212,"column":null}},"90":{"start":{"line":218,"column":17},"end":{"line":218,"column":null}},"91":{"start":{"line":57,"column":2},"end":{"line":57,"column":null}},"92":{"start":{"line":57,"column":5},"end":{"line":57,"column":null}},"93":{"start":{"line":58,"column":2},"end":{"line":58,"column":null}},"94":{"start":{"line":58,"column":5},"end":{"line":58,"column":null}},"95":{"start":{"line":59,"column":2},"end":{"line":59,"column":null}},"96":{"start":{"line":59,"column":5},"end":{"line":59,"column":null}},"97":{"start":{"line":60,"column":2},"end":{"line":60,"column":null}},"98":{"start":{"line":60,"column":5},"end":{"line":60,"column":null}},"99":{"start":{"line":62,"column":2},"end":{"line":62,"column":null}},"100":{"start":{"line":62,"column":3},"end":{"line":62,"column":null}},"101":{"start":{"line":63,"column":2},"end":{"line":63,"column":null}},"102":{"start":{"line":63,"column":3},"end":{"line":63,"column":null}},"103":{"start":{"line":64,"column":2},"end":{"line":64,"column":null}},"104":{"start":{"line":64,"column":3},"end":{"line":64,"column":null}},"105":{"start":{"line":65,"column":2},"end":{"line":65,"column":null}},"106":{"start":{"line":65,"column":3},"end":{"line":65,"column":null}},"107":{"start":{"line":66,"column":2},"end":{"line":66,"column":null}},"108":{"start":{"line":66,"column":3},"end":{"line":66,"column":null}}},"fnMap":{"0":{"name":"(anonymous_19)","decl":{"start":{"line":28,"column":25},"end":{"line":28,"column":29}},"loc":{"start":{"line":28,"column":34},"end":{"line":28,"column":null}}},"1":{"name":"(anonymous_20)","decl":{"start":{"line":32,"column":26},"end":{"line":32,"column":30}},"loc":{"start":{"line":32,"column":35},"end":{"line":32,"column":null}}},"2":{"name":"(anonymous_21)","decl":{"start":{"line":37,"column":25},"end":{"line":37,"column":29}},"loc":{"start":{"line":37,"column":34},"end":{"line":37,"column":null}}},"3":{"name":"(anonymous_22)","decl":{"start":{"line":41,"column":26},"end":{"line":41,"column":30}},"loc":{"start":{"line":41,"column":35},"end":{"line":41,"column":null}}}},"branchMap":{"0":{"loc":{"start":{"line":209,"column":5},"end":{"line":209,"column":null}},"type":"binary-expr","locations":[{"start":{"line":209,"column":5},"end":{"line":209,"column":null}},{"start":{"line":209,"column":12},"end":{"line":209,"column":null}}]},"1":{"loc":{"start":{"line":18,"column":25},"end":{"line":18,"column":29}},"type":"default-arg","locations":[{"start":{"line":18,"column":25},"end":{"line":18,"column":29}}]},"2":{"loc":{"start":{"line":23,"column":29},"end":{"line":23,"column":34}},"type":"default-arg","locations":[{"start":{"line":23,"column":29},"end":{"line":23,"column":34}}]},"3":{"loc":{"start":{"line":28,"column":25},"end":{"line":28,"column":null}},"type":"default-arg","locations":[{"start":{"line":28,"column":25},"end":{"line":28,"column":null}}]},"4":{"loc":{"start":{"line":32,"column":26},"end":{"line":32,"column":null}},"type":"default-arg","locations":[{"start":{"line":32,"column":26},"end":{"line":32,"column":null}}]},"5":{"loc":{"start":{"line":37,"column":25},"end":{"line":37,"column":null}},"type":"default-arg","locations":[{"start":{"line":37,"column":25},"end":{"line":37,"column":null}}]},"6":{"loc":{"start":{"line":41,"column":26},"end":{"line":41,"column":null}},"type":"default-arg","locations":[{"start":{"line":41,"column":26},"end":{"line":41,"column":null}}]},"7":{"loc":{"start":{"line":69,"column":9},"end":{"line":69,"column":null}},"type":"if","locations":[{"start":{"line":69,"column":9},"end":{"line":69,"column":null}},{"start":{"line":69,"column":9},"end":{"line":69,"column":null}}]},"8":{"loc":{"start":{"line":81,"column":9},"end":{"line":81,"column":null}},"type":"if","locations":[{"start":{"line":81,"column":9},"end":{"line":81,"column":null}},{"start":{"line":81,"column":9},"end":{"line":81,"column":null}}]},"9":{"loc":{"start":{"line":94,"column":9},"end":{"line":94,"column":null}},"type":"if","locations":[{"start":{"line":94,"column":9},"end":{"line":94,"column":null}},{"start":{"line":94,"column":9},"end":{"line":94,"column":null}}]},"10":{"loc":{"start":{"line":108,"column":9},"end":{"line":108,"column":null}},"type":"if","locations":[{"start":{"line":108,"column":9},"end":{"line":108,"column":null}},{"start":{"line":108,"column":9},"end":{"line":108,"column":null}}]},"11":{"loc":{"start":{"line":118,"column":22},"end":{"line":118,"column":44}},"type":"binary-expr","locations":[{"start":{"line":118,"column":22},"end":{"line":118,"column":44}},{"start":{"line":118,"column":48},"end":{"line":118,"column":49}}]},"12":{"loc":{"start":{"line":132,"column":16},"end":{"line":132,"column":29}},"type":"binary-expr","locations":[{"start":{"line":132,"column":16},"end":{"line":132,"column":29}},{"start":{"line":132,"column":33},"end":{"line":132,"column":38}}]},"13":{"loc":{"start":{"line":148,"column":14},"end":{"line":148,"column":27}},"type":"binary-expr","locations":[{"start":{"line":148,"column":14},"end":{"line":148,"column":27}},{"start":{"line":148,"column":31},"end":{"line":148,"column":35}}]},"14":{"loc":{"start":{"line":149,"column":16},"end":{"line":149,"column":35}},"type":"binary-expr","locations":[{"start":{"line":149,"column":16},"end":{"line":149,"column":35}},{"start":{"line":149,"column":39},"end":{"line":149,"column":40}}]},"15":{"loc":{"start":{"line":168,"column":36},"end":{"line":168,"column":67}},"type":"cond-expr","locations":[{"start":{"line":168,"column":36},"end":{"line":168,"column":67}},{"start":{"line":168,"column":70},"end":{"line":168,"column":83}}]},"16":{"loc":{"start":{"line":180,"column":43},"end":{"line":180,"column":74}},"type":"cond-expr","locations":[{"start":{"line":180,"column":43},"end":{"line":180,"column":74}},{"start":{"line":180,"column":77},"end":{"line":180,"column":90}}]},"17":{"loc":{"start":{"line":62,"column":19},"end":{"line":62,"column":41}},"type":"binary-expr","locations":[{"start":{"line":62,"column":19},"end":{"line":62,"column":41}},{"start":{"line":62,"column":45},"end":{"line":62,"column":46}}]},"18":{"loc":{"start":{"line":63,"column":17},"end":{"line":63,"column":36}},"type":"binary-expr","locations":[{"start":{"line":63,"column":17},"end":{"line":63,"column":36}},{"start":{"line":63,"column":40},"end":{"line":63,"column":41}}]},"19":{"loc":{"start":{"line":64,"column":19},"end":{"line":64,"column":41}},"type":"binary-expr","locations":[{"start":{"line":64,"column":19},"end":{"line":64,"column":41}},{"start":{"line":64,"column":45},"end":{"line":64,"column":46}}]},"20":{"loc":{"start":{"line":65,"column":20},"end":{"line":65,"column":60}},"type":"binary-expr","locations":[{"start":{"line":65,"column":20},"end":{"line":65,"column":60}},{"start":{"line":65,"column":64},"end":{"line":65,"column":65}}]},"21":{"loc":{"start":{"line":66,"column":17},"end":{"line":66,"column":55}},"type":"binary-expr","locations":[{"start":{"line":66,"column":17},"end":{"line":66,"column":55}},{"start":{"line":66,"column":59},"end":{"line":66,"column":60}}]}},"s":{"0":2,"1":2,"2":5,"3":5,"4":5,"5":5,"6":7,"7":8,"8":8,"9":8,"10":8,"11":8,"12":4,"13":8,"14":3,"15":8,"16":4,"17":8,"18":3,"19":8,"20":8,"21":8,"22":8,"23":8,"24":11,"25":3,"26":8,"27":8,"28":7,"29":12,"30":7,"31":5,"32":5,"33":5,"34":5,"35":5,"36":12,"37":7,"38":5,"39":5,"40":5,"41":5,"42":5,"43":10,"44":3,"45":7,"46":1,"47":4,"48":6,"49":6,"50":6,"51":4,"52":4,"53":1,"54":1,"55":5,"56":5,"57":5,"58":5,"59":5,"60":5,"61":1,"62":1,"63":1,"64":1,"65":1,"66":1,"67":1,"68":1,"69":1,"70":1,"71":1,"72":1,"73":1,"74":1,"75":1,"76":1,"77":1,"78":1,"79":1,"80":1,"81":1,"82":1,"83":1,"84":1,"85":7,"86":7,"87":7,"88":7,"89":10,"90":10,"91":11,"92":11,"93":10,"94":10,"95":12,"96":12,"97":12,"98":12,"99":10,"100":10,"101":10,"102":10,"103":10,"104":10,"105":7,"106":7,"107":8,"108":8},"f":{"0":4,"1":3,"2":4,"3":3},"b":{"0":[7,0],"1":[6],"2":[6],"3":[6],"4":[6],"5":[6],"6":[6],"7":[3,8],"8":[7,5],"9":[7,5],"10":[3,7],"11":[4,0],"12":[4,4],"13":[5,5],"14":[5,0],"15":[0,1],"16":[0,1],"17":[10,3],"18":[10,3],"19":[10,3],"20":[7,0],"21":[8,0]}}
,"/Users/daylilyfield/Workspaces/svrollbar/src/Svroller.svelte": {"path":"/Users/daylilyfield/Workspaces/svrollbar/src/Svroller.svelte","statementMap":{"0":{"start":{"line":2,"column":15},"end":{"line":2,"column":null}},"1":{"start":{"line":3,"column":18},"end":{"line":3,"column":null}},"2":{"start":{"line":40,"column":60},"end":{"line":40,"column":77}},"3":{"start":{"line":40,"column":77},"end":{"line":40,"column":null}},"4":{"start":{"line":39,"column":36},"end":{"line":39,"column":null}},"5":{"start":{"line":5,"column":28},"end":{"line":5,"column":null}},"6":{"start":{"line":6,"column":29},"end":{"line":6,"column":null}},"7":{"start":{"line":8,"column":29},"end":{"line":8,"column":null}},"8":{"start":{"line":13,"column":34},"end":{"line":13,"column":null}},"9":{"start":{"line":18,"column":60},"end":{"line":18,"column":null}},"10":{"start":{"line":18,"column":34},"end":{"line":18,"column":null}},"11":{"start":{"line":22,"column":61},"end":{"line":22,"column":null}},"12":{"start":{"line":22,"column":35},"end":{"line":22,"column":null}},"13":{"start":{"line":27,"column":60},"end":{"line":27,"column":null}},"14":{"start":{"line":27,"column":34},"end":{"line":27,"column":null}},"15":{"start":{"line":31,"column":61},"end":{"line":31,"column":null}},"16":{"start":{"line":31,"column":35},"end":{"line":31,"column":null}},"17":{"start":{"line":41,"column":20},"end":{"line":41,"column":null}},"18":{"start":{"line":40,"column":18},"end":{"line":40,"column":60}}},"fnMap":{"0":{"name":"(anonymous_9)","decl":{"start":{"line":18,"column":25},"end":{"line":18,"column":29}},"loc":{"start":{"line":18,"column":34},"end":{"line":18,"column":null}}},"1":{"name":"(anonymous_10)","decl":{"start":{"line":22,"column":26},"end":{"line":22,"column":30}},"loc":{"start":{"line":22,"column":35},"end":{"line":22,"column":null}}},"2":{"name":"(anonymous_11)","decl":{"start":{"line":27,"column":25},"end":{"line":27,"column":29}},"loc":{"start":{"line":27,"column":34},"end":{"line":27,"column":null}}},"3":{"name":"(anonymous_12)","decl":{"start":{"line":31,"column":26},"end":{"line":31,"column":30}},"loc":{"start":{"line":31,"column":35},"end":{"line":31,"column":null}}}},"branchMap":{"0":{"loc":{"start":{"line":5,"column":21},"end":{"line":5,"column":28}},"type":"default-arg","locations":[{"start":{"line":5,"column":21},"end":{"line":5,"column":28}}]},"1":{"loc":{"start":{"line":6,"column":22},"end":{"line":6,"column":29}},"type":"default-arg","locations":[{"start":{"line":6,"column":22},"end":{"line":6,"column":29}}]},"2":{"loc":{"start":{"line":8,"column":25},"end":{"line":8,"column":29}},"type":"default-arg","locations":[{"start":{"line":8,"column":25},"end":{"line":8,"column":29}}]},"3":{"loc":{"start":{"line":13,"column":29},"end":{"line":13,"column":34}},"type":"default-arg","locations":[{"start":{"line":13,"column":29},"end":{"line":13,"column":34}}]},"4":{"loc":{"start":{"line":18,"column":25},"end":{"line":18,"column":null}},"type":"default-arg","locations":[{"start":{"line":18,"column":25},"end":{"line":18,"column":null}}]},"5":{"loc":{"start":{"line":22,"column":26},"end":{"line":22,"column":null}},"type":"default-arg","locations":[{"start":{"line":22,"column":26},"end":{"line":22,"column":null}}]},"6":{"loc":{"start":{"line":27,"column":25},"end":{"line":27,"column":null}},"type":"default-arg","locations":[{"start":{"line":27,"column":25},"end":{"line":27,"column":null}}]},"7":{"loc":{"start":{"line":31,"column":26},"end":{"line":31,"column":null}},"type":"default-arg","locations":[{"start":{"line":31,"column":26},"end":{"line":31,"column":null}}]}},"s":{"0":1,"1":1,"2":2,"3":2,"4":2,"5":2,"6":2,"7":2,"8":2,"9":2,"10":1,"11":2,"12":1,"13":2,"14":1,"15":2,"16":1,"17":4,"18":4},"f":{"0":1,"1":1,"2":1,"3":1},"b":{"0":[2],"1":[2],"2":[2],"3":[2],"4":[2],"5":[2],"6":[2],"7":[2]}}
}
