TN:
SF:src/Svrollbar.svelte
FN:28,(anonymous_19)
FN:32,(anonymous_20)
FN:37,(anonymous_21)
FN:41,(anonymous_22)
FNF:4
FNH:4
FNDA:4,(anonymous_19)
FNDA:3,(anonymous_20)
FNDA:4,(anonymous_21)
FNDA:3,(anonymous_22)
DA:2,2
DA:3,2
DA:8,8
DA:13,8
DA:18,8
DA:23,8
DA:28,8
DA:32,8
DA:37,8
DA:41,8
DA:47,8
DA:52,8
DA:53,8
DA:54,8
DA:55,8
DA:57,11
DA:58,10
DA:59,12
DA:60,12
DA:62,10
DA:63,10
DA:64,10
DA:65,7
DA:66,8
DA:69,11
DA:71,8
DA:73,8
DA:76,7
DA:81,12
DA:83,5
DA:85,5
DA:86,5
DA:88,5
DA:89,5
DA:94,12
DA:96,5
DA:98,5
DA:99,5
DA:102,5
DA:103,5
DA:108,10
DA:110,7
DA:113,1
DA:118,4
DA:122,6
DA:125,6
DA:126,6
DA:132,4
DA:133,4
DA:139,1
DA:140,1
DA:145,5
DA:146,5
DA:147,5
DA:148,5
DA:149,5
DA:151,5
DA:155,1
DA:159,1
DA:160,1
DA:164,1
DA:165,1
DA:167,1
DA:168,1
DA:170,1
DA:171,1
DA:172,1
DA:173,1
DA:177,1
DA:178,1
DA:180,1
DA:181,1
DA:183,1
DA:187,1
DA:188,1
DA:190,1
DA:191,1
DA:193,1
DA:194,1
DA:195,1
DA:196,1
DA:200,7
DA:201,7
DA:202,7
DA:203,7
DA:209,7
DA:210,5
DA:212,10
DA:214,5
DA:218,10
DA:220,5
LF:91
LH:91
BRDA:209,0,0,7
BRDA:209,0,1,0
BRDA:18,1,0,6
BRDA:23,2,0,6
BRDA:28,3,0,6
BRDA:32,4,0,6
BRDA:37,5,0,6
BRDA:41,6,0,6
BRDA:69,7,0,3
BRDA:69,7,1,8
BRDA:81,8,0,7
BRDA:81,8,1,5
BRDA:94,9,0,7
BRDA:94,9,1,5
BRDA:108,10,0,3
BRDA:108,10,1,7
BRDA:118,11,0,4
BRDA:118,11,1,0
BRDA:132,12,0,4
BRDA:132,12,1,4
BRDA:148,13,0,5
BRDA:148,13,1,5
BRDA:149,14,0,5
BRDA:149,14,1,0
BRDA:168,15,0,0
BRDA:168,15,1,1
BRDA:180,16,0,0
BRDA:180,16,1,1
BRDA:62,17,0,10
BRDA:62,17,1,3
BRDA:63,18,0,10
BRDA:63,18,1,3
BRDA:64,19,0,10
BRDA:64,19,1,3
BRDA:65,20,0,7
BRDA:65,20,1,0
BRDA:66,21,0,8
BRDA:66,21,1,0
BRF:38
BRH:31
end_of_record
TN:
SF:src/Svroller.svelte
FN:18,(anonymous_9)
FN:22,(anonymous_10)
FN:27,(anonymous_11)
FN:31,(anonymous_12)
FNF:4
FNH:4
FNDA:1,(anonymous_9)
FNDA:1,(anonymous_10)
FNDA:1,(anonymous_11)
FNDA:1,(anonymous_12)
DA:2,1
DA:3,1
DA:5,2
DA:6,2
DA:8,2
DA:13,2
DA:18,2
DA:22,2
DA:27,2
DA:31,2
DA:39,2
DA:40,4
DA:41,4
LF:13
LH:13
BRDA:5,0,0,2
BRDA:6,1,0,2
BRDA:8,2,0,2
BRDA:13,3,0,2
BRDA:18,4,0,2
BRDA:22,5,0,2
BRDA:27,6,0,2
BRDA:31,7,0,2
BRF:8
BRH:8
end_of_record
